[2023-04-05 20:25:34] local.ERROR: SQLSTATE[HY000] [1045] Access denied for user 'nospr'@'localhost' (using password: YES) (SQL: delete from `banned_users` where (`ban_type` = 0) and `stop` < 2023-04-05 20:25:34) {"exception":"[object] (Illuminate\\Database\\QueryException(code: 1045): SQLSTATE[HY000] [1045] Access denied for user 'nospr'@'localhost' (using password: YES) (SQL: delete from `banned_users` where (`ban_type` = 0) and `stop` < 2023-04-05 20:25:34) at D:\\NOSPR\\XAMPP\\htdocs\\vendor\\illuminate\\database\\Connection.php:712)
[stacktrace]
#0 D:\\NOSPR\\XAMPP\\htdocs\\vendor\\illuminate\\database\\Connection.php(672): Illuminate\\Database\\Connection->runQueryCallback('delete from `ba...', Array, Object(Closure))
#1 D:\\NOSPR\\XAMPP\\htdocs\\vendor\\illuminate\\database\\Connection.php(514): Illuminate\\Database\\Connection->run('delete from `ba...', Array, Object(Closure))
#2 D:\\NOSPR\\XAMPP\\htdocs\\vendor\\illuminate\\database\\Connection.php(478): Illuminate\\Database\\Connection->affectingStatement('delete from `ba...', Array)
#3 D:\\NOSPR\\XAMPP\\htdocs\\vendor\\illuminate\\database\\Query\\Builder.php(3216): Illuminate\\Database\\Connection->delete('delete from `ba...', Array)
#4 D:\\NOSPR\\XAMPP\\htdocs\\app\\Security.php(108): Illuminate\\Database\\Query\\Builder->delete()
#5 D:\\NOSPR\\XAMPP\\htdocs\\app\\Security.php(78): App\\Security->refreshBanList()
#6 D:\\NOSPR\\XAMPP\\htdocs\\app\\Security.php(33): App\\Security->checkLoginAttempt('::1', 'anita.kozlak@gm...')
#7 D:\\NOSPR\\XAMPP\\htdocs\\app\\Http\\Controllers\\UsersController.php(40): App\\Security->authenticateUser()
#8 D:\\NOSPR\\XAMPP\\htdocs\\vendor\\illuminate\\container\\BoundMethod.php(36): App\\Http\\Controllers\\UsersController->login(Object(Laravel\\Lumen\\Http\\Request))
#9 D:\\NOSPR\\XAMPP\\htdocs\\vendor\\illuminate\\container\\Util.php(40): Illuminate\\Container\\BoundMethod::Illuminate\\Container\\{closure}()
#10 D:\\NOSPR\\XAMPP\\htdocs\\vendor\\illuminate\\container\\BoundMethod.php(93): Illuminate\\Container\\Util::unwrapIfClosure(Object(Closure))
#11 D:\\NOSPR\\XAMPP\\htdocs\\vendor\\illuminate\\container\\BoundMethod.php(35): Illuminate\\Container\\BoundMethod::callBoundMethod(Object(Laravel\\Lumen\\Application), Array, Object(Closure))
#12 D:\\NOSPR\\XAMPP\\htdocs\\vendor\\illuminate\\container\\Container.php(653): Illuminate\\Container\\BoundMethod::call(Object(Laravel\\Lumen\\Application), Array, Array, NULL)
#13 D:\\NOSPR\\XAMPP\\htdocs\\vendor\\laravel\\lumen-framework\\src\\Concerns\\RoutesRequests.php(389): Illuminate\\Container\\Container->call(Array, Array)
#14 D:\\NOSPR\\XAMPP\\htdocs\\vendor\\laravel\\lumen-framework\\src\\Concerns\\RoutesRequests.php(354): Laravel\\Lumen\\Application->callControllerCallable(Array, Array)
#15 D:\\NOSPR\\XAMPP\\htdocs\\vendor\\laravel\\lumen-framework\\src\\Concerns\\RoutesRequests.php(329): Laravel\\Lumen\\Application->callLumenController(Object(App\\Http\\Controllers\\UsersController), 'login', Array)
#16 D:\\NOSPR\\XAMPP\\htdocs\\vendor\\laravel\\lumen-framework\\src\\Concerns\\RoutesRequests.php(282): Laravel\\Lumen\\Application->callControllerAction(Array)
#17 D:\\NOSPR\\XAMPP\\htdocs\\vendor\\laravel\\lumen-framework\\src\\Concerns\\RoutesRequests.php(267): Laravel\\Lumen\\Application->callActionOnArrayBasedRoute(Array)
#18 D:\\NOSPR\\XAMPP\\htdocs\\vendor\\laravel\\lumen-framework\\src\\Concerns\\RoutesRequests.php(169): Laravel\\Lumen\\Application->handleFoundRoute(Array)
#19 D:\\NOSPR\\XAMPP\\htdocs\\vendor\\laravel\\lumen-framework\\src\\Routing\\Pipeline.php(48): Laravel\\Lumen\\Application->Laravel\\Lumen\\Concerns\\{closure}(Object(Laravel\\Lumen\\Http\\Request))
#20 D:\\NOSPR\\XAMPP\\htdocs\\vendor\\nordsoftware\\lumen-cors\\src\\CorsMiddleware.php(45): Laravel\\Lumen\\Routing\\Pipeline->Laravel\\Lumen\\Routing\\{closure}(Object(Laravel\\Lumen\\Http\\Request))
#21 D:\\NOSPR\\XAMPP\\htdocs\\vendor\\illuminate\\pipeline\\Pipeline.php(167): Nord\\Lumen\\Cors\\CorsMiddleware->handle(Object(Laravel\\Lumen\\Http\\Request), Object(Closure))
#22 D:\\NOSPR\\XAMPP\\htdocs\\vendor\\laravel\\lumen-framework\\src\\Routing\\Pipeline.php(30): Illuminate\\Pipeline\\Pipeline->Illuminate\\Pipeline\\{closure}(Object(Laravel\\Lumen\\Http\\Request))
#23 D:\\NOSPR\\XAMPP\\htdocs\\vendor\\illuminate\\pipeline\\Pipeline.php(103): Laravel\\Lumen\\Routing\\Pipeline->Laravel\\Lumen\\Routing\\{closure}(Object(Laravel\\Lumen\\Http\\Request))
#24 D:\\NOSPR\\XAMPP\\htdocs\\vendor\\laravel\\lumen-framework\\src\\Concerns\\RoutesRequests.php(426): Illuminate\\Pipeline\\Pipeline->then(Object(Closure))
#25 D:\\NOSPR\\XAMPP\\htdocs\\vendor\\laravel\\lumen-framework\\src\\Concerns\\RoutesRequests.php(165): Laravel\\Lumen\\Application->sendThroughPipeline(Array, Object(Closure))
#26 D:\\NOSPR\\XAMPP\\htdocs\\vendor\\laravel\\lumen-framework\\src\\Concerns\\RoutesRequests.php(112): Laravel\\Lumen\\Application->dispatch(NULL)
#27 D:\\NOSPR\\XAMPP\\htdocs\\public\\index.php(27): Laravel\\Lumen\\Application->run()
#28 {main}

[previous exception] [object] (PDOException(code: 1045): SQLSTATE[HY000] [1045] Access denied for user 'nospr'@'localhost' (using password: YES) at D:\\NOSPR\\XAMPP\\htdocs\\vendor\\illuminate\\database\\Connectors\\Connector.php:70)
[stacktrace]
#0 D:\\NOSPR\\XAMPP\\htdocs\\vendor\\illuminate\\database\\Connectors\\Connector.php(70): PDO->__construct('mysql:host=127....', 'nospr', Object(SensitiveParameterValue), Array)
#1 D:\\NOSPR\\XAMPP\\htdocs\\vendor\\illuminate\\database\\Connectors\\Connector.php(45): Illuminate\\Database\\Connectors\\Connector->createPdoConnection('mysql:host=127....', 'nospr', 'Anita141@', Array)
#2 D:\\NOSPR\\XAMPP\\htdocs\\vendor\\illuminate\\database\\Connectors\\MySqlConnector.php(24): Illuminate\\Database\\Connectors\\Connector->createConnection('mysql:host=127....', Array, Array)
#3 D:\\NOSPR\\XAMPP\\htdocs\\vendor\\illuminate\\database\\Connectors\\ConnectionFactory.php(184): Illuminate\\Database\\Connectors\\MySqlConnector->connect(Array)
#4 [internal function]: Illuminate\\Database\\Connectors\\ConnectionFactory->Illuminate\\Database\\Connectors\\{closure}()
#5 D:\\NOSPR\\XAMPP\\htdocs\\vendor\\illuminate\\database\\Connection.php(1064): call_user_func(Object(Closure))
#6 D:\\NOSPR\\XAMPP\\htdocs\\vendor\\illuminate\\database\\Connection.php(522): Illuminate\\Database\\Connection->getPdo()
#7 D:\\NOSPR\\XAMPP\\htdocs\\vendor\\illuminate\\database\\Connection.php(705): Illuminate\\Database\\Connection->Illuminate\\Database\\{closure}('delete from `ba...', Array)
#8 D:\\NOSPR\\XAMPP\\htdocs\\vendor\\illuminate\\database\\Connection.php(672): Illuminate\\Database\\Connection->runQueryCallback('delete from `ba...', Array, Object(Closure))
#9 D:\\NOSPR\\XAMPP\\htdocs\\vendor\\illuminate\\database\\Connection.php(514): Illuminate\\Database\\Connection->run('delete from `ba...', Array, Object(Closure))
#10 D:\\NOSPR\\XAMPP\\htdocs\\vendor\\illuminate\\database\\Connection.php(478): Illuminate\\Database\\Connection->affectingStatement('delete from `ba...', Array)
#11 D:\\NOSPR\\XAMPP\\htdocs\\vendor\\illuminate\\database\\Query\\Builder.php(3216): Illuminate\\Database\\Connection->delete('delete from `ba...', Array)
#12 D:\\NOSPR\\XAMPP\\htdocs\\app\\Security.php(108): Illuminate\\Database\\Query\\Builder->delete()
#13 D:\\NOSPR\\XAMPP\\htdocs\\app\\Security.php(78): App\\Security->refreshBanList()
#14 D:\\NOSPR\\XAMPP\\htdocs\\app\\Security.php(33): App\\Security->checkLoginAttempt('::1', 'anita.kozlak@gm...')
#15 D:\\NOSPR\\XAMPP\\htdocs\\app\\Http\\Controllers\\UsersController.php(40): App\\Security->authenticateUser()
#16 D:\\NOSPR\\XAMPP\\htdocs\\vendor\\illuminate\\container\\BoundMethod.php(36): App\\Http\\Controllers\\UsersController->login(Object(Laravel\\Lumen\\Http\\Request))
#17 D:\\NOSPR\\XAMPP\\htdocs\\vendor\\illuminate\\container\\Util.php(40): Illuminate\\Container\\BoundMethod::Illuminate\\Container\\{closure}()
#18 D:\\NOSPR\\XAMPP\\htdocs\\vendor\\illuminate\\container\\BoundMethod.php(93): Illuminate\\Container\\Util::unwrapIfClosure(Object(Closure))
#19 D:\\NOSPR\\XAMPP\\htdocs\\vendor\\illuminate\\container\\BoundMethod.php(35): Illuminate\\Container\\BoundMethod::callBoundMethod(Object(Laravel\\Lumen\\Application), Array, Object(Closure))
#20 D:\\NOSPR\\XAMPP\\htdocs\\vendor\\illuminate\\container\\Container.php(653): Illuminate\\Container\\BoundMethod::call(Object(Laravel\\Lumen\\Application), Array, Array, NULL)
#21 D:\\NOSPR\\XAMPP\\htdocs\\vendor\\laravel\\lumen-framework\\src\\Concerns\\RoutesRequests.php(389): Illuminate\\Container\\Container->call(Array, Array)
#22 D:\\NOSPR\\XAMPP\\htdocs\\vendor\\laravel\\lumen-framework\\src\\Concerns\\RoutesRequests.php(354): Laravel\\Lumen\\Application->callControllerCallable(Array, Array)
#23 D:\\NOSPR\\XAMPP\\htdocs\\vendor\\laravel\\lumen-framework\\src\\Concerns\\RoutesRequests.php(329): Laravel\\Lumen\\Application->callLumenController(Object(App\\Http\\Controllers\\UsersController), 'login', Array)
#24 D:\\NOSPR\\XAMPP\\htdocs\\vendor\\laravel\\lumen-framework\\src\\Concerns\\RoutesRequests.php(282): Laravel\\Lumen\\Application->callControllerAction(Array)
#25 D:\\NOSPR\\XAMPP\\htdocs\\vendor\\laravel\\lumen-framework\\src\\Concerns\\RoutesRequests.php(267): Laravel\\Lumen\\Application->callActionOnArrayBasedRoute(Array)
#26 D:\\NOSPR\\XAMPP\\htdocs\\vendor\\laravel\\lumen-framework\\src\\Concerns\\RoutesRequests.php(169): Laravel\\Lumen\\Application->handleFoundRoute(Array)
#27 D:\\NOSPR\\XAMPP\\htdocs\\vendor\\laravel\\lumen-framework\\src\\Routing\\Pipeline.php(48): Laravel\\Lumen\\Application->Laravel\\Lumen\\Concerns\\{closure}(Object(Laravel\\Lumen\\Http\\Request))
#28 D:\\NOSPR\\XAMPP\\htdocs\\vendor\\nordsoftware\\lumen-cors\\src\\CorsMiddleware.php(45): Laravel\\Lumen\\Routing\\Pipeline->Laravel\\Lumen\\Routing\\{closure}(Object(Laravel\\Lumen\\Http\\Request))
#29 D:\\NOSPR\\XAMPP\\htdocs\\vendor\\illuminate\\pipeline\\Pipeline.php(167): Nord\\Lumen\\Cors\\CorsMiddleware->handle(Object(Laravel\\Lumen\\Http\\Request), Object(Closure))
#30 D:\\NOSPR\\XAMPP\\htdocs\\vendor\\laravel\\lumen-framework\\src\\Routing\\Pipeline.php(30): Illuminate\\Pipeline\\Pipeline->Illuminate\\Pipeline\\{closure}(Object(Laravel\\Lumen\\Http\\Request))
#31 D:\\NOSPR\\XAMPP\\htdocs\\vendor\\illuminate\\pipeline\\Pipeline.php(103): Laravel\\Lumen\\Routing\\Pipeline->Laravel\\Lumen\\Routing\\{closure}(Object(Laravel\\Lumen\\Http\\Request))
#32 D:\\NOSPR\\XAMPP\\htdocs\\vendor\\laravel\\lumen-framework\\src\\Concerns\\RoutesRequests.php(426): Illuminate\\Pipeline\\Pipeline->then(Object(Closure))
#33 D:\\NOSPR\\XAMPP\\htdocs\\vendor\\laravel\\lumen-framework\\src\\Concerns\\RoutesRequests.php(165): Laravel\\Lumen\\Application->sendThroughPipeline(Array, Object(Closure))
#34 D:\\NOSPR\\XAMPP\\htdocs\\vendor\\laravel\\lumen-framework\\src\\Concerns\\RoutesRequests.php(112): Laravel\\Lumen\\Application->dispatch(NULL)
#35 D:\\NOSPR\\XAMPP\\htdocs\\public\\index.php(27): Laravel\\Lumen\\Application->run()
#36 {main}
"} 
[2023-04-05 20:30:11] local.ERROR: No application encryption key has been specified. {"exception":"[object] (Illuminate\\Encryption\\MissingAppKeyException(code: 0): No application encryption key has been specified. at D:\\NOSPR\\XAMPP\\htdocs\\vendor\\illuminate\\encryption\\EncryptionServiceProvider.php:101)
[stacktrace]
#0 D:\\NOSPR\\XAMPP\\htdocs\\vendor\\illuminate\\support\\helpers.php(263): Illuminate\\Encryption\\EncryptionServiceProvider->Illuminate\\Encryption\\{closure}('')
#1 D:\\NOSPR\\XAMPP\\htdocs\\vendor\\illuminate\\encryption\\EncryptionServiceProvider.php(99): tap('', Object(Closure))
#2 D:\\NOSPR\\XAMPP\\htdocs\\vendor\\illuminate\\encryption\\EncryptionServiceProvider.php(82): Illuminate\\Encryption\\EncryptionServiceProvider->key(Array)
#3 D:\\NOSPR\\XAMPP\\htdocs\\vendor\\illuminate\\encryption\\EncryptionServiceProvider.php(34): Illuminate\\Encryption\\EncryptionServiceProvider->parseKey(Array)
#4 D:\\NOSPR\\XAMPP\\htdocs\\vendor\\illuminate\\container\\Container.php(873): Illuminate\\Encryption\\EncryptionServiceProvider->Illuminate\\Encryption\\{closure}(Object(Laravel\\Lumen\\Application), Array)
#5 D:\\NOSPR\\XAMPP\\htdocs\\vendor\\illuminate\\container\\Container.php(758): Illuminate\\Container\\Container->build(Object(Closure))
#6 D:\\NOSPR\\XAMPP\\htdocs\\vendor\\illuminate\\container\\Container.php(694): Illuminate\\Container\\Container->resolve('encrypter', Array)
#7 D:\\NOSPR\\XAMPP\\htdocs\\vendor\\laravel\\lumen-framework\\src\\Application.php(300): Illuminate\\Container\\Container->make('encrypter', Array)
#8 D:\\NOSPR\\XAMPP\\htdocs\\vendor\\laravel\\lumen-framework\\src\\Application.php(668): Laravel\\Lumen\\Application->make('encrypter')
#9 D:\\NOSPR\\XAMPP\\htdocs\\vendor\\laravel\\lumen-framework\\src\\Application.php(423): Laravel\\Lumen\\Application->loadComponent('app', 'Illuminate\\\\Encr...', 'encrypter')
#10 D:\\NOSPR\\XAMPP\\htdocs\\vendor\\illuminate\\container\\Container.php(873): Laravel\\Lumen\\Application->Laravel\\Lumen\\{closure}(Object(Laravel\\Lumen\\Application), Array)
#11 D:\\NOSPR\\XAMPP\\htdocs\\vendor\\illuminate\\container\\Container.php(758): Illuminate\\Container\\Container->build(Object(Closure))
#12 D:\\NOSPR\\XAMPP\\htdocs\\vendor\\illuminate\\container\\Container.php(694): Illuminate\\Container\\Container->resolve('encrypter', Array)
#13 D:\\NOSPR\\XAMPP\\htdocs\\vendor\\laravel\\lumen-framework\\src\\Application.php(300): Illuminate\\Container\\Container->make('encrypter', Array)
#14 D:\\NOSPR\\XAMPP\\htdocs\\vendor\\illuminate\\container\\Container.php(1419): Laravel\\Lumen\\Application->make('encrypter')
#15 D:\\NOSPR\\XAMPP\\htdocs\\vendor\\illuminate\\support\\Facades\\Facade.php(198): Illuminate\\Container\\Container->offsetGet('encrypter')
#16 D:\\NOSPR\\XAMPP\\htdocs\\vendor\\illuminate\\support\\Facades\\Facade.php(166): Illuminate\\Support\\Facades\\Facade::resolveFacadeInstance('encrypter')
#17 D:\\NOSPR\\XAMPP\\htdocs\\vendor\\illuminate\\support\\Facades\\Facade.php(255): Illuminate\\Support\\Facades\\Facade::getFacadeRoot()
#18 D:\\NOSPR\\XAMPP\\htdocs\\app\\Security.php(47): Illuminate\\Support\\Facades\\Facade::__callStatic('encryptString', Array)
#19 D:\\NOSPR\\XAMPP\\htdocs\\app\\Http\\Controllers\\UsersController.php(40): App\\Security->authenticateUser()
#20 D:\\NOSPR\\XAMPP\\htdocs\\vendor\\illuminate\\container\\BoundMethod.php(36): App\\Http\\Controllers\\UsersController->login(Object(Laravel\\Lumen\\Http\\Request))
#21 D:\\NOSPR\\XAMPP\\htdocs\\vendor\\illuminate\\container\\Util.php(40): Illuminate\\Container\\BoundMethod::Illuminate\\Container\\{closure}()
#22 D:\\NOSPR\\XAMPP\\htdocs\\vendor\\illuminate\\container\\BoundMethod.php(93): Illuminate\\Container\\Util::unwrapIfClosure(Object(Closure))
#23 D:\\NOSPR\\XAMPP\\htdocs\\vendor\\illuminate\\container\\BoundMethod.php(35): Illuminate\\Container\\BoundMethod::callBoundMethod(Object(Laravel\\Lumen\\Application), Array, Object(Closure))
#24 D:\\NOSPR\\XAMPP\\htdocs\\vendor\\illuminate\\container\\Container.php(653): Illuminate\\Container\\BoundMethod::call(Object(Laravel\\Lumen\\Application), Array, Array, NULL)
#25 D:\\NOSPR\\XAMPP\\htdocs\\vendor\\laravel\\lumen-framework\\src\\Concerns\\RoutesRequests.php(389): Illuminate\\Container\\Container->call(Array, Array)
#26 D:\\NOSPR\\XAMPP\\htdocs\\vendor\\laravel\\lumen-framework\\src\\Concerns\\RoutesRequests.php(354): Laravel\\Lumen\\Application->callControllerCallable(Array, Array)
#27 D:\\NOSPR\\XAMPP\\htdocs\\vendor\\laravel\\lumen-framework\\src\\Concerns\\RoutesRequests.php(329): Laravel\\Lumen\\Application->callLumenController(Object(App\\Http\\Controllers\\UsersController), 'login', Array)
#28 D:\\NOSPR\\XAMPP\\htdocs\\vendor\\laravel\\lumen-framework\\src\\Concerns\\RoutesRequests.php(282): Laravel\\Lumen\\Application->callControllerAction(Array)
#29 D:\\NOSPR\\XAMPP\\htdocs\\vendor\\laravel\\lumen-framework\\src\\Concerns\\RoutesRequests.php(267): Laravel\\Lumen\\Application->callActionOnArrayBasedRoute(Array)
#30 D:\\NOSPR\\XAMPP\\htdocs\\vendor\\laravel\\lumen-framework\\src\\Concerns\\RoutesRequests.php(169): Laravel\\Lumen\\Application->handleFoundRoute(Array)
#31 D:\\NOSPR\\XAMPP\\htdocs\\vendor\\laravel\\lumen-framework\\src\\Routing\\Pipeline.php(48): Laravel\\Lumen\\Application->Laravel\\Lumen\\Concerns\\{closure}(Object(Laravel\\Lumen\\Http\\Request))
#32 D:\\NOSPR\\XAMPP\\htdocs\\vendor\\nordsoftware\\lumen-cors\\src\\CorsMiddleware.php(38): Laravel\\Lumen\\Routing\\Pipeline->Laravel\\Lumen\\Routing\\{closure}(Object(Laravel\\Lumen\\Http\\Request))
#33 D:\\NOSPR\\XAMPP\\htdocs\\vendor\\illuminate\\pipeline\\Pipeline.php(167): Nord\\Lumen\\Cors\\CorsMiddleware->handle(Object(Laravel\\Lumen\\Http\\Request), Object(Closure))
#34 D:\\NOSPR\\XAMPP\\htdocs\\vendor\\laravel\\lumen-framework\\src\\Routing\\Pipeline.php(30): Illuminate\\Pipeline\\Pipeline->Illuminate\\Pipeline\\{closure}(Object(Laravel\\Lumen\\Http\\Request))
#35 D:\\NOSPR\\XAMPP\\htdocs\\vendor\\illuminate\\pipeline\\Pipeline.php(103): Laravel\\Lumen\\Routing\\Pipeline->Laravel\\Lumen\\Routing\\{closure}(Object(Laravel\\Lumen\\Http\\Request))
#36 D:\\NOSPR\\XAMPP\\htdocs\\vendor\\laravel\\lumen-framework\\src\\Concerns\\RoutesRequests.php(426): Illuminate\\Pipeline\\Pipeline->then(Object(Closure))
#37 D:\\NOSPR\\XAMPP\\htdocs\\vendor\\laravel\\lumen-framework\\src\\Concerns\\RoutesRequests.php(165): Laravel\\Lumen\\Application->sendThroughPipeline(Array, Object(Closure))
#38 D:\\NOSPR\\XAMPP\\htdocs\\vendor\\laravel\\lumen-framework\\src\\Concerns\\RoutesRequests.php(112): Laravel\\Lumen\\Application->dispatch(NULL)
#39 D:\\NOSPR\\XAMPP\\htdocs\\public\\index.php(27): Laravel\\Lumen\\Application->run()
#40 {main}
"} 
