[2023-04-08 18:47:16] production.ERROR: SQLSTATE[42000]: Syntax error or access violation: 1142 INSERT command denied to user 'jsydelmcx4u3nte2'@'185.93.240.21' for table 'log_logins' (SQL: insert into `log_logins` (`type`, `priority`, `login`, `ip`, `remote`, `description`) values (1, 0, cartman07@o2.pl, 0, LAPTOP-U1HNGPIS, User logged in.)) {"exception":"[object] (Illuminate\\Database\\QueryException(code: 42000): SQLSTATE[42000]: Syntax error or access violation: 1142 INSERT command denied to user 'jsydelmcx4u3nte2'@'185.93.240.21' for table 'log_logins' (SQL: insert into `log_logins` (`type`, `priority`, `login`, `ip`, `remote`, `description`) values (1, 0, cartman07@o2.pl, 0, LAPTOP-U1HNGPIS, User logged in.)) at D:\\NOSPR\\XAMPP\\htdocs\\vendor\\illuminate\\database\\Connection.php:712)
[stacktrace]
#0 D:\\NOSPR\\XAMPP\\htdocs\\vendor\\illuminate\\database\\Connection.php(672): Illuminate\\Database\\Connection->runQueryCallback('insert into `lo...', Array, Object(Closure))
#1 D:\\NOSPR\\XAMPP\\htdocs\\vendor\\illuminate\\database\\Connection.php(490): Illuminate\\Database\\Connection->run('insert into `lo...', Array, Object(Closure))
#2 D:\\NOSPR\\XAMPP\\htdocs\\vendor\\illuminate\\database\\Connection.php(454): Illuminate\\Database\\Connection->statement('insert into `lo...', Array)
#3 D:\\NOSPR\\XAMPP\\htdocs\\vendor\\illuminate\\database\\Query\\Builder.php(2978): Illuminate\\Database\\Connection->insert('insert into `lo...', Array)
#4 D:\\NOSPR\\XAMPP\\htdocs\\app\\Security.php(131): Illuminate\\Database\\Query\\Builder->insert(Array)
#5 D:\\NOSPR\\XAMPP\\htdocs\\app\\Security.php(59): App\\Security->logSecurityEvent(1, 0, 'cartman07@o2.pl', '::1', 'LAPTOP-U1HNGPIS', 'User logged in.')
#6 D:\\NOSPR\\XAMPP\\htdocs\\app\\Http\\Controllers\\UsersController.php(40): App\\Security->authenticateUser()
#7 D:\\NOSPR\\XAMPP\\htdocs\\vendor\\illuminate\\container\\BoundMethod.php(36): App\\Http\\Controllers\\UsersController->login(Object(Laravel\\Lumen\\Http\\Request))
#8 D:\\NOSPR\\XAMPP\\htdocs\\vendor\\illuminate\\container\\Util.php(40): Illuminate\\Container\\BoundMethod::Illuminate\\Container\\{closure}()
#9 D:\\NOSPR\\XAMPP\\htdocs\\vendor\\illuminate\\container\\BoundMethod.php(93): Illuminate\\Container\\Util::unwrapIfClosure(Object(Closure))
#10 D:\\NOSPR\\XAMPP\\htdocs\\vendor\\illuminate\\container\\BoundMethod.php(35): Illuminate\\Container\\BoundMethod::callBoundMethod(Object(Laravel\\Lumen\\Application), Array, Object(Closure))
#11 D:\\NOSPR\\XAMPP\\htdocs\\vendor\\illuminate\\container\\Container.php(653): Illuminate\\Container\\BoundMethod::call(Object(Laravel\\Lumen\\Application), Array, Array, NULL)
#12 D:\\NOSPR\\XAMPP\\htdocs\\vendor\\laravel\\lumen-framework\\src\\Concerns\\RoutesRequests.php(389): Illuminate\\Container\\Container->call(Array, Array)
#13 D:\\NOSPR\\XAMPP\\htdocs\\vendor\\laravel\\lumen-framework\\src\\Concerns\\RoutesRequests.php(354): Laravel\\Lumen\\Application->callControllerCallable(Array, Array)
#14 D:\\NOSPR\\XAMPP\\htdocs\\vendor\\laravel\\lumen-framework\\src\\Concerns\\RoutesRequests.php(329): Laravel\\Lumen\\Application->callLumenController(Object(App\\Http\\Controllers\\UsersController), 'login', Array)
#15 D:\\NOSPR\\XAMPP\\htdocs\\vendor\\laravel\\lumen-framework\\src\\Concerns\\RoutesRequests.php(282): Laravel\\Lumen\\Application->callControllerAction(Array)
#16 D:\\NOSPR\\XAMPP\\htdocs\\vendor\\laravel\\lumen-framework\\src\\Concerns\\RoutesRequests.php(267): Laravel\\Lumen\\Application->callActionOnArrayBasedRoute(Array)
#17 D:\\NOSPR\\XAMPP\\htdocs\\vendor\\laravel\\lumen-framework\\src\\Concerns\\RoutesRequests.php(169): Laravel\\Lumen\\Application->handleFoundRoute(Array)
#18 D:\\NOSPR\\XAMPP\\htdocs\\vendor\\laravel\\lumen-framework\\src\\Routing\\Pipeline.php(48): Laravel\\Lumen\\Application->Laravel\\Lumen\\Concerns\\{closure}(Object(Laravel\\Lumen\\Http\\Request))
#19 D:\\NOSPR\\XAMPP\\htdocs\\vendor\\nordsoftware\\lumen-cors\\src\\CorsMiddleware.php(38): Laravel\\Lumen\\Routing\\Pipeline->Laravel\\Lumen\\Routing\\{closure}(Object(Laravel\\Lumen\\Http\\Request))
#20 D:\\NOSPR\\XAMPP\\htdocs\\vendor\\illuminate\\pipeline\\Pipeline.php(167): Nord\\Lumen\\Cors\\CorsMiddleware->handle(Object(Laravel\\Lumen\\Http\\Request), Object(Closure))
#21 D:\\NOSPR\\XAMPP\\htdocs\\vendor\\laravel\\lumen-framework\\src\\Routing\\Pipeline.php(30): Illuminate\\Pipeline\\Pipeline->Illuminate\\Pipeline\\{closure}(Object(Laravel\\Lumen\\Http\\Request))
#22 D:\\NOSPR\\XAMPP\\htdocs\\vendor\\illuminate\\pipeline\\Pipeline.php(103): Laravel\\Lumen\\Routing\\Pipeline->Laravel\\Lumen\\Routing\\{closure}(Object(Laravel\\Lumen\\Http\\Request))
#23 D:\\NOSPR\\XAMPP\\htdocs\\vendor\\laravel\\lumen-framework\\src\\Concerns\\RoutesRequests.php(426): Illuminate\\Pipeline\\Pipeline->then(Object(Closure))
#24 D:\\NOSPR\\XAMPP\\htdocs\\vendor\\laravel\\lumen-framework\\src\\Concerns\\RoutesRequests.php(165): Laravel\\Lumen\\Application->sendThroughPipeline(Array, Object(Closure))
#25 D:\\NOSPR\\XAMPP\\htdocs\\vendor\\laravel\\lumen-framework\\src\\Concerns\\RoutesRequests.php(112): Laravel\\Lumen\\Application->dispatch(NULL)
#26 D:\\NOSPR\\XAMPP\\htdocs\\public\\index.php(32): Laravel\\Lumen\\Application->run()
#27 {main}

[previous exception] [object] (PDOException(code: 42000): SQLSTATE[42000]: Syntax error or access violation: 1142 INSERT command denied to user 'jsydelmcx4u3nte2'@'185.93.240.21' for table 'log_logins' at D:\\NOSPR\\XAMPP\\htdocs\\vendor\\illuminate\\database\\Connection.php:495)
[stacktrace]
#0 D:\\NOSPR\\XAMPP\\htdocs\\vendor\\illuminate\\database\\Connection.php(495): PDO->prepare('insert into `lo...')
#1 D:\\NOSPR\\XAMPP\\htdocs\\vendor\\illuminate\\database\\Connection.php(705): Illuminate\\Database\\Connection->Illuminate\\Database\\{closure}('insert into `lo...', Array)
#2 D:\\NOSPR\\XAMPP\\htdocs\\vendor\\illuminate\\database\\Connection.php(672): Illuminate\\Database\\Connection->runQueryCallback('insert into `lo...', Array, Object(Closure))
#3 D:\\NOSPR\\XAMPP\\htdocs\\vendor\\illuminate\\database\\Connection.php(490): Illuminate\\Database\\Connection->run('insert into `lo...', Array, Object(Closure))
#4 D:\\NOSPR\\XAMPP\\htdocs\\vendor\\illuminate\\database\\Connection.php(454): Illuminate\\Database\\Connection->statement('insert into `lo...', Array)
#5 D:\\NOSPR\\XAMPP\\htdocs\\vendor\\illuminate\\database\\Query\\Builder.php(2978): Illuminate\\Database\\Connection->insert('insert into `lo...', Array)
#6 D:\\NOSPR\\XAMPP\\htdocs\\app\\Security.php(131): Illuminate\\Database\\Query\\Builder->insert(Array)
#7 D:\\NOSPR\\XAMPP\\htdocs\\app\\Security.php(59): App\\Security->logSecurityEvent(1, 0, 'cartman07@o2.pl', '::1', 'LAPTOP-U1HNGPIS', 'User logged in.')
#8 D:\\NOSPR\\XAMPP\\htdocs\\app\\Http\\Controllers\\UsersController.php(40): App\\Security->authenticateUser()
#9 D:\\NOSPR\\XAMPP\\htdocs\\vendor\\illuminate\\container\\BoundMethod.php(36): App\\Http\\Controllers\\UsersController->login(Object(Laravel\\Lumen\\Http\\Request))
#10 D:\\NOSPR\\XAMPP\\htdocs\\vendor\\illuminate\\container\\Util.php(40): Illuminate\\Container\\BoundMethod::Illuminate\\Container\\{closure}()
#11 D:\\NOSPR\\XAMPP\\htdocs\\vendor\\illuminate\\container\\BoundMethod.php(93): Illuminate\\Container\\Util::unwrapIfClosure(Object(Closure))
#12 D:\\NOSPR\\XAMPP\\htdocs\\vendor\\illuminate\\container\\BoundMethod.php(35): Illuminate\\Container\\BoundMethod::callBoundMethod(Object(Laravel\\Lumen\\Application), Array, Object(Closure))
#13 D:\\NOSPR\\XAMPP\\htdocs\\vendor\\illuminate\\container\\Container.php(653): Illuminate\\Container\\BoundMethod::call(Object(Laravel\\Lumen\\Application), Array, Array, NULL)
#14 D:\\NOSPR\\XAMPP\\htdocs\\vendor\\laravel\\lumen-framework\\src\\Concerns\\RoutesRequests.php(389): Illuminate\\Container\\Container->call(Array, Array)
#15 D:\\NOSPR\\XAMPP\\htdocs\\vendor\\laravel\\lumen-framework\\src\\Concerns\\RoutesRequests.php(354): Laravel\\Lumen\\Application->callControllerCallable(Array, Array)
#16 D:\\NOSPR\\XAMPP\\htdocs\\vendor\\laravel\\lumen-framework\\src\\Concerns\\RoutesRequests.php(329): Laravel\\Lumen\\Application->callLumenController(Object(App\\Http\\Controllers\\UsersController), 'login', Array)
#17 D:\\NOSPR\\XAMPP\\htdocs\\vendor\\laravel\\lumen-framework\\src\\Concerns\\RoutesRequests.php(282): Laravel\\Lumen\\Application->callControllerAction(Array)
#18 D:\\NOSPR\\XAMPP\\htdocs\\vendor\\laravel\\lumen-framework\\src\\Concerns\\RoutesRequests.php(267): Laravel\\Lumen\\Application->callActionOnArrayBasedRoute(Array)
#19 D:\\NOSPR\\XAMPP\\htdocs\\vendor\\laravel\\lumen-framework\\src\\Concerns\\RoutesRequests.php(169): Laravel\\Lumen\\Application->handleFoundRoute(Array)
#20 D:\\NOSPR\\XAMPP\\htdocs\\vendor\\laravel\\lumen-framework\\src\\Routing\\Pipeline.php(48): Laravel\\Lumen\\Application->Laravel\\Lumen\\Concerns\\{closure}(Object(Laravel\\Lumen\\Http\\Request))
#21 D:\\NOSPR\\XAMPP\\htdocs\\vendor\\nordsoftware\\lumen-cors\\src\\CorsMiddleware.php(38): Laravel\\Lumen\\Routing\\Pipeline->Laravel\\Lumen\\Routing\\{closure}(Object(Laravel\\Lumen\\Http\\Request))
#22 D:\\NOSPR\\XAMPP\\htdocs\\vendor\\illuminate\\pipeline\\Pipeline.php(167): Nord\\Lumen\\Cors\\CorsMiddleware->handle(Object(Laravel\\Lumen\\Http\\Request), Object(Closure))
#23 D:\\NOSPR\\XAMPP\\htdocs\\vendor\\laravel\\lumen-framework\\src\\Routing\\Pipeline.php(30): Illuminate\\Pipeline\\Pipeline->Illuminate\\Pipeline\\{closure}(Object(Laravel\\Lumen\\Http\\Request))
#24 D:\\NOSPR\\XAMPP\\htdocs\\vendor\\illuminate\\pipeline\\Pipeline.php(103): Laravel\\Lumen\\Routing\\Pipeline->Laravel\\Lumen\\Routing\\{closure}(Object(Laravel\\Lumen\\Http\\Request))
#25 D:\\NOSPR\\XAMPP\\htdocs\\vendor\\laravel\\lumen-framework\\src\\Concerns\\RoutesRequests.php(426): Illuminate\\Pipeline\\Pipeline->then(Object(Closure))
#26 D:\\NOSPR\\XAMPP\\htdocs\\vendor\\laravel\\lumen-framework\\src\\Concerns\\RoutesRequests.php(165): Laravel\\Lumen\\Application->sendThroughPipeline(Array, Object(Closure))
#27 D:\\NOSPR\\XAMPP\\htdocs\\vendor\\laravel\\lumen-framework\\src\\Concerns\\RoutesRequests.php(112): Laravel\\Lumen\\Application->dispatch(NULL)
#28 D:\\NOSPR\\XAMPP\\htdocs\\public\\index.php(32): Laravel\\Lumen\\Application->run()
#29 {main}
"} 
[2023-04-08 18:48:48] local.ERROR: SQLSTATE[HY000] [1044] Access denied for user 'nospr'@'%' to database 'nospr' (SQL: delete from `banned_users` where (`ban_type` = 0) and `stop` < 2023-04-08 18:48:48) {"exception":"[object] (Illuminate\\Database\\QueryException(code: 1044): SQLSTATE[HY000] [1044] Access denied for user 'nospr'@'%' to database 'nospr' (SQL: delete from `banned_users` where (`ban_type` = 0) and `stop` < 2023-04-08 18:48:48) at D:\\NOSPR\\XAMPP\\htdocs\\vendor\\illuminate\\database\\Connection.php:712)
[stacktrace]
#0 D:\\NOSPR\\XAMPP\\htdocs\\vendor\\illuminate\\database\\Connection.php(672): Illuminate\\Database\\Connection->runQueryCallback('delete from `ba...', Array, Object(Closure))
#1 D:\\NOSPR\\XAMPP\\htdocs\\vendor\\illuminate\\database\\Connection.php(514): Illuminate\\Database\\Connection->run('delete from `ba...', Array, Object(Closure))
#2 D:\\NOSPR\\XAMPP\\htdocs\\vendor\\illuminate\\database\\Connection.php(478): Illuminate\\Database\\Connection->affectingStatement('delete from `ba...', Array)
#3 D:\\NOSPR\\XAMPP\\htdocs\\vendor\\illuminate\\database\\Query\\Builder.php(3216): Illuminate\\Database\\Connection->delete('delete from `ba...', Array)
#4 D:\\NOSPR\\XAMPP\\htdocs\\app\\Security.php(108): Illuminate\\Database\\Query\\Builder->delete()
#5 D:\\NOSPR\\XAMPP\\htdocs\\app\\Security.php(78): App\\Security->refreshBanList()
#6 D:\\NOSPR\\XAMPP\\htdocs\\app\\Security.php(33): App\\Security->checkLoginAttempt('::1', 'cartman07@o2.pl')
#7 D:\\NOSPR\\XAMPP\\htdocs\\app\\Http\\Controllers\\UsersController.php(40): App\\Security->authenticateUser()
#8 D:\\NOSPR\\XAMPP\\htdocs\\vendor\\illuminate\\container\\BoundMethod.php(36): App\\Http\\Controllers\\UsersController->login(Object(Laravel\\Lumen\\Http\\Request))
#9 D:\\NOSPR\\XAMPP\\htdocs\\vendor\\illuminate\\container\\Util.php(40): Illuminate\\Container\\BoundMethod::Illuminate\\Container\\{closure}()
#10 D:\\NOSPR\\XAMPP\\htdocs\\vendor\\illuminate\\container\\BoundMethod.php(93): Illuminate\\Container\\Util::unwrapIfClosure(Object(Closure))
#11 D:\\NOSPR\\XAMPP\\htdocs\\vendor\\illuminate\\container\\BoundMethod.php(35): Illuminate\\Container\\BoundMethod::callBoundMethod(Object(Laravel\\Lumen\\Application), Array, Object(Closure))
#12 D:\\NOSPR\\XAMPP\\htdocs\\vendor\\illuminate\\container\\Container.php(653): Illuminate\\Container\\BoundMethod::call(Object(Laravel\\Lumen\\Application), Array, Array, NULL)
#13 D:\\NOSPR\\XAMPP\\htdocs\\vendor\\laravel\\lumen-framework\\src\\Concerns\\RoutesRequests.php(389): Illuminate\\Container\\Container->call(Array, Array)
#14 D:\\NOSPR\\XAMPP\\htdocs\\vendor\\laravel\\lumen-framework\\src\\Concerns\\RoutesRequests.php(354): Laravel\\Lumen\\Application->callControllerCallable(Array, Array)
#15 D:\\NOSPR\\XAMPP\\htdocs\\vendor\\laravel\\lumen-framework\\src\\Concerns\\RoutesRequests.php(329): Laravel\\Lumen\\Application->callLumenController(Object(App\\Http\\Controllers\\UsersController), 'login', Array)
#16 D:\\NOSPR\\XAMPP\\htdocs\\vendor\\laravel\\lumen-framework\\src\\Concerns\\RoutesRequests.php(282): Laravel\\Lumen\\Application->callControllerAction(Array)
#17 D:\\NOSPR\\XAMPP\\htdocs\\vendor\\laravel\\lumen-framework\\src\\Concerns\\RoutesRequests.php(267): Laravel\\Lumen\\Application->callActionOnArrayBasedRoute(Array)
#18 D:\\NOSPR\\XAMPP\\htdocs\\vendor\\laravel\\lumen-framework\\src\\Concerns\\RoutesRequests.php(169): Laravel\\Lumen\\Application->handleFoundRoute(Array)
#19 D:\\NOSPR\\XAMPP\\htdocs\\vendor\\laravel\\lumen-framework\\src\\Routing\\Pipeline.php(48): Laravel\\Lumen\\Application->Laravel\\Lumen\\Concerns\\{closure}(Object(Laravel\\Lumen\\Http\\Request))
#20 D:\\NOSPR\\XAMPP\\htdocs\\vendor\\nordsoftware\\lumen-cors\\src\\CorsMiddleware.php(38): Laravel\\Lumen\\Routing\\Pipeline->Laravel\\Lumen\\Routing\\{closure}(Object(Laravel\\Lumen\\Http\\Request))
#21 D:\\NOSPR\\XAMPP\\htdocs\\vendor\\illuminate\\pipeline\\Pipeline.php(167): Nord\\Lumen\\Cors\\CorsMiddleware->handle(Object(Laravel\\Lumen\\Http\\Request), Object(Closure))
#22 D:\\NOSPR\\XAMPP\\htdocs\\vendor\\laravel\\lumen-framework\\src\\Routing\\Pipeline.php(30): Illuminate\\Pipeline\\Pipeline->Illuminate\\Pipeline\\{closure}(Object(Laravel\\Lumen\\Http\\Request))
#23 D:\\NOSPR\\XAMPP\\htdocs\\vendor\\illuminate\\pipeline\\Pipeline.php(103): Laravel\\Lumen\\Routing\\Pipeline->Laravel\\Lumen\\Routing\\{closure}(Object(Laravel\\Lumen\\Http\\Request))
#24 D:\\NOSPR\\XAMPP\\htdocs\\vendor\\laravel\\lumen-framework\\src\\Concerns\\RoutesRequests.php(426): Illuminate\\Pipeline\\Pipeline->then(Object(Closure))
#25 D:\\NOSPR\\XAMPP\\htdocs\\vendor\\laravel\\lumen-framework\\src\\Concerns\\RoutesRequests.php(165): Laravel\\Lumen\\Application->sendThroughPipeline(Array, Object(Closure))
#26 D:\\NOSPR\\XAMPP\\htdocs\\vendor\\laravel\\lumen-framework\\src\\Concerns\\RoutesRequests.php(112): Laravel\\Lumen\\Application->dispatch(NULL)
#27 D:\\NOSPR\\XAMPP\\htdocs\\public\\index.php(32): Laravel\\Lumen\\Application->run()
#28 {main}

[previous exception] [object] (PDOException(code: 1044): SQLSTATE[HY000] [1044] Access denied for user 'nospr'@'%' to database 'nospr' at D:\\NOSPR\\XAMPP\\htdocs\\vendor\\illuminate\\database\\Connectors\\Connector.php:70)
[stacktrace]
#0 D:\\NOSPR\\XAMPP\\htdocs\\vendor\\illuminate\\database\\Connectors\\Connector.php(70): PDO->__construct('mysql:host=127....', 'nospr', Object(SensitiveParameterValue), Array)
#1 D:\\NOSPR\\XAMPP\\htdocs\\vendor\\illuminate\\database\\Connectors\\Connector.php(45): Illuminate\\Database\\Connectors\\Connector->createPdoConnection('mysql:host=127....', 'nospr', 'Anita141@', Array)
#2 D:\\NOSPR\\XAMPP\\htdocs\\vendor\\illuminate\\database\\Connectors\\MySqlConnector.php(24): Illuminate\\Database\\Connectors\\Connector->createConnection('mysql:host=127....', Array, Array)
#3 D:\\NOSPR\\XAMPP\\htdocs\\vendor\\illuminate\\database\\Connectors\\ConnectionFactory.php(184): Illuminate\\Database\\Connectors\\MySqlConnector->connect(Array)
#4 [internal function]: Illuminate\\Database\\Connectors\\ConnectionFactory->Illuminate\\Database\\Connectors\\{closure}()
#5 D:\\NOSPR\\XAMPP\\htdocs\\vendor\\illuminate\\database\\Connection.php(1064): call_user_func(Object(Closure))
#6 D:\\NOSPR\\XAMPP\\htdocs\\vendor\\illuminate\\database\\Connection.php(522): Illuminate\\Database\\Connection->getPdo()
#7 D:\\NOSPR\\XAMPP\\htdocs\\vendor\\illuminate\\database\\Connection.php(705): Illuminate\\Database\\Connection->Illuminate\\Database\\{closure}('delete from `ba...', Array)
#8 D:\\NOSPR\\XAMPP\\htdocs\\vendor\\illuminate\\database\\Connection.php(672): Illuminate\\Database\\Connection->runQueryCallback('delete from `ba...', Array, Object(Closure))
#9 D:\\NOSPR\\XAMPP\\htdocs\\vendor\\illuminate\\database\\Connection.php(514): Illuminate\\Database\\Connection->run('delete from `ba...', Array, Object(Closure))
#10 D:\\NOSPR\\XAMPP\\htdocs\\vendor\\illuminate\\database\\Connection.php(478): Illuminate\\Database\\Connection->affectingStatement('delete from `ba...', Array)
#11 D:\\NOSPR\\XAMPP\\htdocs\\vendor\\illuminate\\database\\Query\\Builder.php(3216): Illuminate\\Database\\Connection->delete('delete from `ba...', Array)
#12 D:\\NOSPR\\XAMPP\\htdocs\\app\\Security.php(108): Illuminate\\Database\\Query\\Builder->delete()
#13 D:\\NOSPR\\XAMPP\\htdocs\\app\\Security.php(78): App\\Security->refreshBanList()
#14 D:\\NOSPR\\XAMPP\\htdocs\\app\\Security.php(33): App\\Security->checkLoginAttempt('::1', 'cartman07@o2.pl')
#15 D:\\NOSPR\\XAMPP\\htdocs\\app\\Http\\Controllers\\UsersController.php(40): App\\Security->authenticateUser()
#16 D:\\NOSPR\\XAMPP\\htdocs\\vendor\\illuminate\\container\\BoundMethod.php(36): App\\Http\\Controllers\\UsersController->login(Object(Laravel\\Lumen\\Http\\Request))
#17 D:\\NOSPR\\XAMPP\\htdocs\\vendor\\illuminate\\container\\Util.php(40): Illuminate\\Container\\BoundMethod::Illuminate\\Container\\{closure}()
#18 D:\\NOSPR\\XAMPP\\htdocs\\vendor\\illuminate\\container\\BoundMethod.php(93): Illuminate\\Container\\Util::unwrapIfClosure(Object(Closure))
#19 D:\\NOSPR\\XAMPP\\htdocs\\vendor\\illuminate\\container\\BoundMethod.php(35): Illuminate\\Container\\BoundMethod::callBoundMethod(Object(Laravel\\Lumen\\Application), Array, Object(Closure))
#20 D:\\NOSPR\\XAMPP\\htdocs\\vendor\\illuminate\\container\\Container.php(653): Illuminate\\Container\\BoundMethod::call(Object(Laravel\\Lumen\\Application), Array, Array, NULL)
#21 D:\\NOSPR\\XAMPP\\htdocs\\vendor\\laravel\\lumen-framework\\src\\Concerns\\RoutesRequests.php(389): Illuminate\\Container\\Container->call(Array, Array)
#22 D:\\NOSPR\\XAMPP\\htdocs\\vendor\\laravel\\lumen-framework\\src\\Concerns\\RoutesRequests.php(354): Laravel\\Lumen\\Application->callControllerCallable(Array, Array)
#23 D:\\NOSPR\\XAMPP\\htdocs\\vendor\\laravel\\lumen-framework\\src\\Concerns\\RoutesRequests.php(329): Laravel\\Lumen\\Application->callLumenController(Object(App\\Http\\Controllers\\UsersController), 'login', Array)
#24 D:\\NOSPR\\XAMPP\\htdocs\\vendor\\laravel\\lumen-framework\\src\\Concerns\\RoutesRequests.php(282): Laravel\\Lumen\\Application->callControllerAction(Array)
#25 D:\\NOSPR\\XAMPP\\htdocs\\vendor\\laravel\\lumen-framework\\src\\Concerns\\RoutesRequests.php(267): Laravel\\Lumen\\Application->callActionOnArrayBasedRoute(Array)
#26 D:\\NOSPR\\XAMPP\\htdocs\\vendor\\laravel\\lumen-framework\\src\\Concerns\\RoutesRequests.php(169): Laravel\\Lumen\\Application->handleFoundRoute(Array)
#27 D:\\NOSPR\\XAMPP\\htdocs\\vendor\\laravel\\lumen-framework\\src\\Routing\\Pipeline.php(48): Laravel\\Lumen\\Application->Laravel\\Lumen\\Concerns\\{closure}(Object(Laravel\\Lumen\\Http\\Request))
#28 D:\\NOSPR\\XAMPP\\htdocs\\vendor\\nordsoftware\\lumen-cors\\src\\CorsMiddleware.php(38): Laravel\\Lumen\\Routing\\Pipeline->Laravel\\Lumen\\Routing\\{closure}(Object(Laravel\\Lumen\\Http\\Request))
#29 D:\\NOSPR\\XAMPP\\htdocs\\vendor\\illuminate\\pipeline\\Pipeline.php(167): Nord\\Lumen\\Cors\\CorsMiddleware->handle(Object(Laravel\\Lumen\\Http\\Request), Object(Closure))
#30 D:\\NOSPR\\XAMPP\\htdocs\\vendor\\laravel\\lumen-framework\\src\\Routing\\Pipeline.php(30): Illuminate\\Pipeline\\Pipeline->Illuminate\\Pipeline\\{closure}(Object(Laravel\\Lumen\\Http\\Request))
#31 D:\\NOSPR\\XAMPP\\htdocs\\vendor\\illuminate\\pipeline\\Pipeline.php(103): Laravel\\Lumen\\Routing\\Pipeline->Laravel\\Lumen\\Routing\\{closure}(Object(Laravel\\Lumen\\Http\\Request))
#32 D:\\NOSPR\\XAMPP\\htdocs\\vendor\\laravel\\lumen-framework\\src\\Concerns\\RoutesRequests.php(426): Illuminate\\Pipeline\\Pipeline->then(Object(Closure))
#33 D:\\NOSPR\\XAMPP\\htdocs\\vendor\\laravel\\lumen-framework\\src\\Concerns\\RoutesRequests.php(165): Laravel\\Lumen\\Application->sendThroughPipeline(Array, Object(Closure))
#34 D:\\NOSPR\\XAMPP\\htdocs\\vendor\\laravel\\lumen-framework\\src\\Concerns\\RoutesRequests.php(112): Laravel\\Lumen\\Application->dispatch(NULL)
#35 D:\\NOSPR\\XAMPP\\htdocs\\public\\index.php(32): Laravel\\Lumen\\Application->run()
#36 {main}
"} 
[2023-04-08 18:49:21] production.ERROR: SQLSTATE[42000]: Syntax error or access violation: 1142 INSERT command denied to user 'jsydelmcx4u3nte2'@'185.93.240.21' for table 'log_logins' (SQL: insert into `log_logins` (`type`, `priority`, `login`, `ip`, `remote`, `description`) values (1, 0, cartman07@o2.pl, 0, LAPTOP-U1HNGPIS, User logged in.)) {"exception":"[object] (Illuminate\\Database\\QueryException(code: 42000): SQLSTATE[42000]: Syntax error or access violation: 1142 INSERT command denied to user 'jsydelmcx4u3nte2'@'185.93.240.21' for table 'log_logins' (SQL: insert into `log_logins` (`type`, `priority`, `login`, `ip`, `remote`, `description`) values (1, 0, cartman07@o2.pl, 0, LAPTOP-U1HNGPIS, User logged in.)) at D:\\NOSPR\\XAMPP\\htdocs\\vendor\\illuminate\\database\\Connection.php:712)
[stacktrace]
#0 D:\\NOSPR\\XAMPP\\htdocs\\vendor\\illuminate\\database\\Connection.php(672): Illuminate\\Database\\Connection->runQueryCallback('insert into `lo...', Array, Object(Closure))
#1 D:\\NOSPR\\XAMPP\\htdocs\\vendor\\illuminate\\database\\Connection.php(490): Illuminate\\Database\\Connection->run('insert into `lo...', Array, Object(Closure))
#2 D:\\NOSPR\\XAMPP\\htdocs\\vendor\\illuminate\\database\\Connection.php(454): Illuminate\\Database\\Connection->statement('insert into `lo...', Array)
#3 D:\\NOSPR\\XAMPP\\htdocs\\vendor\\illuminate\\database\\Query\\Builder.php(2978): Illuminate\\Database\\Connection->insert('insert into `lo...', Array)
#4 D:\\NOSPR\\XAMPP\\htdocs\\app\\Security.php(131): Illuminate\\Database\\Query\\Builder->insert(Array)
#5 D:\\NOSPR\\XAMPP\\htdocs\\app\\Security.php(59): App\\Security->logSecurityEvent(1, 0, 'cartman07@o2.pl', '::1', 'LAPTOP-U1HNGPIS', 'User logged in.')
#6 D:\\NOSPR\\XAMPP\\htdocs\\app\\Http\\Controllers\\UsersController.php(40): App\\Security->authenticateUser()
#7 D:\\NOSPR\\XAMPP\\htdocs\\vendor\\illuminate\\container\\BoundMethod.php(36): App\\Http\\Controllers\\UsersController->login(Object(Laravel\\Lumen\\Http\\Request))
#8 D:\\NOSPR\\XAMPP\\htdocs\\vendor\\illuminate\\container\\Util.php(40): Illuminate\\Container\\BoundMethod::Illuminate\\Container\\{closure}()
#9 D:\\NOSPR\\XAMPP\\htdocs\\vendor\\illuminate\\container\\BoundMethod.php(93): Illuminate\\Container\\Util::unwrapIfClosure(Object(Closure))
#10 D:\\NOSPR\\XAMPP\\htdocs\\vendor\\illuminate\\container\\BoundMethod.php(35): Illuminate\\Container\\BoundMethod::callBoundMethod(Object(Laravel\\Lumen\\Application), Array, Object(Closure))
#11 D:\\NOSPR\\XAMPP\\htdocs\\vendor\\illuminate\\container\\Container.php(653): Illuminate\\Container\\BoundMethod::call(Object(Laravel\\Lumen\\Application), Array, Array, NULL)
#12 D:\\NOSPR\\XAMPP\\htdocs\\vendor\\laravel\\lumen-framework\\src\\Concerns\\RoutesRequests.php(389): Illuminate\\Container\\Container->call(Array, Array)
#13 D:\\NOSPR\\XAMPP\\htdocs\\vendor\\laravel\\lumen-framework\\src\\Concerns\\RoutesRequests.php(354): Laravel\\Lumen\\Application->callControllerCallable(Array, Array)
#14 D:\\NOSPR\\XAMPP\\htdocs\\vendor\\laravel\\lumen-framework\\src\\Concerns\\RoutesRequests.php(329): Laravel\\Lumen\\Application->callLumenController(Object(App\\Http\\Controllers\\UsersController), 'login', Array)
#15 D:\\NOSPR\\XAMPP\\htdocs\\vendor\\laravel\\lumen-framework\\src\\Concerns\\RoutesRequests.php(282): Laravel\\Lumen\\Application->callControllerAction(Array)
#16 D:\\NOSPR\\XAMPP\\htdocs\\vendor\\laravel\\lumen-framework\\src\\Concerns\\RoutesRequests.php(267): Laravel\\Lumen\\Application->callActionOnArrayBasedRoute(Array)
#17 D:\\NOSPR\\XAMPP\\htdocs\\vendor\\laravel\\lumen-framework\\src\\Concerns\\RoutesRequests.php(169): Laravel\\Lumen\\Application->handleFoundRoute(Array)
#18 D:\\NOSPR\\XAMPP\\htdocs\\vendor\\laravel\\lumen-framework\\src\\Routing\\Pipeline.php(48): Laravel\\Lumen\\Application->Laravel\\Lumen\\Concerns\\{closure}(Object(Laravel\\Lumen\\Http\\Request))
#19 D:\\NOSPR\\XAMPP\\htdocs\\vendor\\nordsoftware\\lumen-cors\\src\\CorsMiddleware.php(38): Laravel\\Lumen\\Routing\\Pipeline->Laravel\\Lumen\\Routing\\{closure}(Object(Laravel\\Lumen\\Http\\Request))
#20 D:\\NOSPR\\XAMPP\\htdocs\\vendor\\illuminate\\pipeline\\Pipeline.php(167): Nord\\Lumen\\Cors\\CorsMiddleware->handle(Object(Laravel\\Lumen\\Http\\Request), Object(Closure))
#21 D:\\NOSPR\\XAMPP\\htdocs\\vendor\\laravel\\lumen-framework\\src\\Routing\\Pipeline.php(30): Illuminate\\Pipeline\\Pipeline->Illuminate\\Pipeline\\{closure}(Object(Laravel\\Lumen\\Http\\Request))
#22 D:\\NOSPR\\XAMPP\\htdocs\\vendor\\illuminate\\pipeline\\Pipeline.php(103): Laravel\\Lumen\\Routing\\Pipeline->Laravel\\Lumen\\Routing\\{closure}(Object(Laravel\\Lumen\\Http\\Request))
#23 D:\\NOSPR\\XAMPP\\htdocs\\vendor\\laravel\\lumen-framework\\src\\Concerns\\RoutesRequests.php(426): Illuminate\\Pipeline\\Pipeline->then(Object(Closure))
#24 D:\\NOSPR\\XAMPP\\htdocs\\vendor\\laravel\\lumen-framework\\src\\Concerns\\RoutesRequests.php(165): Laravel\\Lumen\\Application->sendThroughPipeline(Array, Object(Closure))
#25 D:\\NOSPR\\XAMPP\\htdocs\\vendor\\laravel\\lumen-framework\\src\\Concerns\\RoutesRequests.php(112): Laravel\\Lumen\\Application->dispatch(NULL)
#26 D:\\NOSPR\\XAMPP\\htdocs\\public\\index.php(32): Laravel\\Lumen\\Application->run()
#27 {main}

[previous exception] [object] (PDOException(code: 42000): SQLSTATE[42000]: Syntax error or access violation: 1142 INSERT command denied to user 'jsydelmcx4u3nte2'@'185.93.240.21' for table 'log_logins' at D:\\NOSPR\\XAMPP\\htdocs\\vendor\\illuminate\\database\\Connection.php:495)
[stacktrace]
#0 D:\\NOSPR\\XAMPP\\htdocs\\vendor\\illuminate\\database\\Connection.php(495): PDO->prepare('insert into `lo...')
#1 D:\\NOSPR\\XAMPP\\htdocs\\vendor\\illuminate\\database\\Connection.php(705): Illuminate\\Database\\Connection->Illuminate\\Database\\{closure}('insert into `lo...', Array)
#2 D:\\NOSPR\\XAMPP\\htdocs\\vendor\\illuminate\\database\\Connection.php(672): Illuminate\\Database\\Connection->runQueryCallback('insert into `lo...', Array, Object(Closure))
#3 D:\\NOSPR\\XAMPP\\htdocs\\vendor\\illuminate\\database\\Connection.php(490): Illuminate\\Database\\Connection->run('insert into `lo...', Array, Object(Closure))
#4 D:\\NOSPR\\XAMPP\\htdocs\\vendor\\illuminate\\database\\Connection.php(454): Illuminate\\Database\\Connection->statement('insert into `lo...', Array)
#5 D:\\NOSPR\\XAMPP\\htdocs\\vendor\\illuminate\\database\\Query\\Builder.php(2978): Illuminate\\Database\\Connection->insert('insert into `lo...', Array)
#6 D:\\NOSPR\\XAMPP\\htdocs\\app\\Security.php(131): Illuminate\\Database\\Query\\Builder->insert(Array)
#7 D:\\NOSPR\\XAMPP\\htdocs\\app\\Security.php(59): App\\Security->logSecurityEvent(1, 0, 'cartman07@o2.pl', '::1', 'LAPTOP-U1HNGPIS', 'User logged in.')
#8 D:\\NOSPR\\XAMPP\\htdocs\\app\\Http\\Controllers\\UsersController.php(40): App\\Security->authenticateUser()
#9 D:\\NOSPR\\XAMPP\\htdocs\\vendor\\illuminate\\container\\BoundMethod.php(36): App\\Http\\Controllers\\UsersController->login(Object(Laravel\\Lumen\\Http\\Request))
#10 D:\\NOSPR\\XAMPP\\htdocs\\vendor\\illuminate\\container\\Util.php(40): Illuminate\\Container\\BoundMethod::Illuminate\\Container\\{closure}()
#11 D:\\NOSPR\\XAMPP\\htdocs\\vendor\\illuminate\\container\\BoundMethod.php(93): Illuminate\\Container\\Util::unwrapIfClosure(Object(Closure))
#12 D:\\NOSPR\\XAMPP\\htdocs\\vendor\\illuminate\\container\\BoundMethod.php(35): Illuminate\\Container\\BoundMethod::callBoundMethod(Object(Laravel\\Lumen\\Application), Array, Object(Closure))
#13 D:\\NOSPR\\XAMPP\\htdocs\\vendor\\illuminate\\container\\Container.php(653): Illuminate\\Container\\BoundMethod::call(Object(Laravel\\Lumen\\Application), Array, Array, NULL)
#14 D:\\NOSPR\\XAMPP\\htdocs\\vendor\\laravel\\lumen-framework\\src\\Concerns\\RoutesRequests.php(389): Illuminate\\Container\\Container->call(Array, Array)
#15 D:\\NOSPR\\XAMPP\\htdocs\\vendor\\laravel\\lumen-framework\\src\\Concerns\\RoutesRequests.php(354): Laravel\\Lumen\\Application->callControllerCallable(Array, Array)
#16 D:\\NOSPR\\XAMPP\\htdocs\\vendor\\laravel\\lumen-framework\\src\\Concerns\\RoutesRequests.php(329): Laravel\\Lumen\\Application->callLumenController(Object(App\\Http\\Controllers\\UsersController), 'login', Array)
#17 D:\\NOSPR\\XAMPP\\htdocs\\vendor\\laravel\\lumen-framework\\src\\Concerns\\RoutesRequests.php(282): Laravel\\Lumen\\Application->callControllerAction(Array)
#18 D:\\NOSPR\\XAMPP\\htdocs\\vendor\\laravel\\lumen-framework\\src\\Concerns\\RoutesRequests.php(267): Laravel\\Lumen\\Application->callActionOnArrayBasedRoute(Array)
#19 D:\\NOSPR\\XAMPP\\htdocs\\vendor\\laravel\\lumen-framework\\src\\Concerns\\RoutesRequests.php(169): Laravel\\Lumen\\Application->handleFoundRoute(Array)
#20 D:\\NOSPR\\XAMPP\\htdocs\\vendor\\laravel\\lumen-framework\\src\\Routing\\Pipeline.php(48): Laravel\\Lumen\\Application->Laravel\\Lumen\\Concerns\\{closure}(Object(Laravel\\Lumen\\Http\\Request))
#21 D:\\NOSPR\\XAMPP\\htdocs\\vendor\\nordsoftware\\lumen-cors\\src\\CorsMiddleware.php(38): Laravel\\Lumen\\Routing\\Pipeline->Laravel\\Lumen\\Routing\\{closure}(Object(Laravel\\Lumen\\Http\\Request))
#22 D:\\NOSPR\\XAMPP\\htdocs\\vendor\\illuminate\\pipeline\\Pipeline.php(167): Nord\\Lumen\\Cors\\CorsMiddleware->handle(Object(Laravel\\Lumen\\Http\\Request), Object(Closure))
#23 D:\\NOSPR\\XAMPP\\htdocs\\vendor\\laravel\\lumen-framework\\src\\Routing\\Pipeline.php(30): Illuminate\\Pipeline\\Pipeline->Illuminate\\Pipeline\\{closure}(Object(Laravel\\Lumen\\Http\\Request))
#24 D:\\NOSPR\\XAMPP\\htdocs\\vendor\\illuminate\\pipeline\\Pipeline.php(103): Laravel\\Lumen\\Routing\\Pipeline->Laravel\\Lumen\\Routing\\{closure}(Object(Laravel\\Lumen\\Http\\Request))
#25 D:\\NOSPR\\XAMPP\\htdocs\\vendor\\laravel\\lumen-framework\\src\\Concerns\\RoutesRequests.php(426): Illuminate\\Pipeline\\Pipeline->then(Object(Closure))
#26 D:\\NOSPR\\XAMPP\\htdocs\\vendor\\laravel\\lumen-framework\\src\\Concerns\\RoutesRequests.php(165): Laravel\\Lumen\\Application->sendThroughPipeline(Array, Object(Closure))
#27 D:\\NOSPR\\XAMPP\\htdocs\\vendor\\laravel\\lumen-framework\\src\\Concerns\\RoutesRequests.php(112): Laravel\\Lumen\\Application->dispatch(NULL)
#28 D:\\NOSPR\\XAMPP\\htdocs\\public\\index.php(32): Laravel\\Lumen\\Application->run()
#29 {main}
"} 
